2022-12-30 20:29:51,328 [Worker-0: Loading available Gradle versions] INFO  o.e.b.c.i.u.g.PublishedGradleVersions - Gradle version information cache is up-to-date. Trying to read.
2022-12-30 20:31:31,353 [Worker-14: Import Getting Started Content] INFO  o.e.m.c.i.l.LifecycleMappingFactory - Using org.eclipse.m2e.jdt.JarLifecycleMapping lifecycle mapping for MavenProject: com.example:exam:0.0.1-SNAPSHOT @ C:\Users\MSI\OneDrive\Desktop\ExamPortal\exam\pom.xml.
2022-12-30 20:31:32,254 [Worker-14: Import Getting Started Content] INFO  o.e.m.j.i.AbstractJavaProjectConfigurator - Adding source folder /exam/src/main/java
2022-12-30 20:31:32,254 [Worker-14: Import Getting Started Content] INFO  o.e.m.j.i.AbstractJavaProjectConfigurator - Adding resource folder /exam/src/main/resources
2022-12-30 20:31:32,258 [Worker-14: Import Getting Started Content] INFO  o.e.m.j.i.AbstractJavaProjectConfigurator - Adding resource folder /exam/src/main/resources
2022-12-30 20:31:32,263 [Worker-14: Import Getting Started Content] INFO  o.e.m.j.i.AbstractJavaProjectConfigurator - Adding source folder /exam/src/test/java
2022-12-30 20:31:33,172 [Worker-14: Import Getting Started Content] INFO  o.e.m.c.i.p.ProjectConfigurationManager - Imported and configured 1 project(s) in 2 sec
2022-12-30 20:31:33,176 [Worker-14: Import Getting Started Content] INFO  o.e.m.c.i.p.ProjectConfigurationManager - Update started
2022-12-30 20:31:33,610 [Worker-14: Import Getting Started Content] INFO  o.e.m.c.i.l.LifecycleMappingFactory - Using org.eclipse.m2e.jdt.JarLifecycleMapping lifecycle mapping for MavenProject: com.example:exam:0.0.1-SNAPSHOT @ C:\Users\MSI\OneDrive\Desktop\ExamPortal\exam\pom.xml.
2022-12-30 20:31:34,166 [Worker-14: Import Getting Started Content] INFO  o.e.m.j.i.AbstractJavaProjectConfigurator - Adding source folder /exam/src/main/java
2022-12-30 20:31:34,166 [Worker-14: Import Getting Started Content] INFO  o.e.m.j.i.AbstractJavaProjectConfigurator - Adding resource folder /exam/src/main/resources
2022-12-30 20:31:34,167 [Worker-14: Import Getting Started Content] INFO  o.e.m.j.i.AbstractJavaProjectConfigurator - Adding resource folder /exam/src/main/resources
2022-12-30 20:31:34,167 [Worker-14: Import Getting Started Content] INFO  o.e.m.j.i.AbstractJavaProjectConfigurator - Adding source folder /exam/src/test/java
2022-12-30 20:31:34,839 [Worker-14: Import Getting Started Content] INFO  o.e.m.c.i.p.ProjectConfigurationManager - Update completed: 1 sec
2022-12-30 20:31:35,730 [Worker-18: Building] INFO  o.a.m.s.f.DefaultMavenResourcesFiltering - Copying 1 resource
2022-12-30 20:31:35,752 [Worker-18: Building] INFO  o.a.m.s.f.DefaultMavenResourcesFiltering - Copying 0 resource
2022-12-30 20:31:35,756 [Worker-18: Building] INFO  o.a.m.s.f.DefaultMavenResourcesFiltering - skip non existing resourceDirectory C:\Users\MSI\OneDrive\Desktop\ExamPortal\exam\src\test\resources
2022-12-30 20:31:49,472 [Worker-20: Building] INFO  o.a.m.s.f.DefaultMavenResourcesFiltering - Copying 1 resource
2022-12-30 20:31:49,476 [Worker-20: Building] INFO  o.a.m.s.f.DefaultMavenResourcesFiltering - Copying 0 resource
2022-12-30 20:31:49,480 [Worker-20: Building] INFO  o.a.m.s.f.DefaultMavenResourcesFiltering - skip non existing resourceDirectory C:\Users\MSI\OneDrive\Desktop\ExamPortal\exam\src\test\resources
2022-12-30 20:31:59,893 [Worker-9: Building] INFO  o.a.m.s.f.DefaultMavenResourcesFiltering - Copying 1 resource
2022-12-30 20:31:59,898 [Worker-9: Building] INFO  o.a.m.s.f.DefaultMavenResourcesFiltering - Copying 0 resource
2022-12-30 20:31:59,903 [Worker-9: Building] INFO  o.a.m.s.f.DefaultMavenResourcesFiltering - skip non existing resourceDirectory C:\Users\MSI\OneDrive\Desktop\ExamPortal\exam\src\test\resources
2022-12-30 20:32:13,466 [Worker-21: Building] INFO  o.a.m.s.f.DefaultMavenResourcesFiltering - Copying 1 resource
2022-12-30 20:32:13,468 [Worker-21: Building] INFO  o.a.m.s.f.DefaultMavenResourcesFiltering - Copying 0 resource
2022-12-30 20:32:13,471 [Worker-21: Building] INFO  o.a.m.s.f.DefaultMavenResourcesFiltering - skip non existing resourceDirectory C:\Users\MSI\OneDrive\Desktop\ExamPortal\exam\src\test\resources
2022-12-30 20:32:37,322 [Worker-19: Building] INFO  o.a.m.s.f.DefaultMavenResourcesFiltering - Copying 1 resource
2022-12-30 20:32:37,328 [Worker-19: Building] INFO  o.a.m.s.f.DefaultMavenResourcesFiltering - Copying 0 resource
2022-12-30 20:32:37,333 [Worker-19: Building] INFO  o.a.m.s.f.DefaultMavenResourcesFiltering - skip non existing resourceDirectory C:\Users\MSI\OneDrive\Desktop\ExamPortal\exam\src\test\resources
2022-12-30 20:32:38,363 [Worker-21: Building] INFO  o.a.m.s.f.DefaultMavenResourcesFiltering - Copying 0 resource
2022-12-30 20:32:38,363 [Worker-21: Building] INFO  o.a.m.s.f.DefaultMavenResourcesFiltering - Copying 0 resource
2022-12-30 20:32:38,367 [Worker-21: Building] INFO  o.a.m.s.f.DefaultMavenResourcesFiltering - skip non existing resourceDirectory C:\Users\MSI\OneDrive\Desktop\ExamPortal\exam\src\test\resources
2022-12-30 20:32:47,299 [Worker-19: Building] INFO  o.a.m.s.f.DefaultMavenResourcesFiltering - Copying 1 resource
2022-12-30 20:32:47,303 [Worker-19: Building] INFO  o.a.m.s.f.DefaultMavenResourcesFiltering - Copying 0 resource
2022-12-30 20:32:47,307 [Worker-19: Building] INFO  o.a.m.s.f.DefaultMavenResourcesFiltering - skip non existing resourceDirectory C:\Users\MSI\OneDrive\Desktop\ExamPortal\exam\src\test\resources
2022-12-30 20:32:59,817 [Worker-13: Building] INFO  o.a.m.s.f.DefaultMavenResourcesFiltering - Copying 1 resource
2022-12-30 20:32:59,822 [Worker-13: Building] INFO  o.a.m.s.f.DefaultMavenResourcesFiltering - Copying 0 resource
2022-12-30 20:32:59,830 [Worker-13: Building] INFO  o.a.m.s.f.DefaultMavenResourcesFiltering - skip non existing resourceDirectory C:\Users\MSI\OneDrive\Desktop\ExamPortal\exam\src\test\resources
2022-12-30 20:34:07,525 [Worker-13: Building] INFO  o.a.m.s.f.DefaultMavenResourcesFiltering - Copying 1 resource
2022-12-30 20:34:07,531 [Worker-13: Building] INFO  o.a.m.s.f.DefaultMavenResourcesFiltering - Copying 0 resource
2022-12-30 20:34:07,534 [Worker-13: Building] INFO  o.a.m.s.f.DefaultMavenResourcesFiltering - skip non existing resourceDirectory C:\Users\MSI\OneDrive\Desktop\ExamPortal\exam\src\test\resources
2022-12-30 20:35:48,695 [Worker-10: Building] INFO  o.a.m.s.f.DefaultMavenResourcesFiltering - Copying 1 resource
2022-12-30 20:35:48,706 [Worker-10: Building] INFO  o.a.m.s.f.DefaultMavenResourcesFiltering - Copying 0 resource
2022-12-30 20:35:48,715 [Worker-10: Building] INFO  o.a.m.s.f.DefaultMavenResourcesFiltering - skip non existing resourceDirectory C:\Users\MSI\OneDrive\Desktop\ExamPortal\exam\src\test\resources
2022-12-30 20:35:58,747 [Worker-14: Building] INFO  o.a.m.s.f.DefaultMavenResourcesFiltering - Copying 1 resource
2022-12-30 20:35:58,755 [Worker-14: Building] INFO  o.a.m.s.f.DefaultMavenResourcesFiltering - Copying 0 resource
2022-12-30 20:35:58,758 [Worker-14: Building] INFO  o.a.m.s.f.DefaultMavenResourcesFiltering - skip non existing resourceDirectory C:\Users\MSI\OneDrive\Desktop\ExamPortal\exam\src\test\resources
2022-12-30 20:36:18,016 [Worker-14: Building] INFO  o.a.m.s.f.DefaultMavenResourcesFiltering - Copying 1 resource
2022-12-30 20:36:18,024 [Worker-14: Building] INFO  o.a.m.s.f.DefaultMavenResourcesFiltering - Copying 0 resource
2022-12-30 20:36:18,027 [Worker-14: Building] INFO  o.a.m.s.f.DefaultMavenResourcesFiltering - skip non existing resourceDirectory C:\Users\MSI\OneDrive\Desktop\ExamPortal\exam\src\test\resources
2022-12-30 20:37:19,254 [Worker-2: Building] INFO  o.a.m.s.f.DefaultMavenResourcesFiltering - Copying 1 resource
2022-12-30 20:37:19,263 [Worker-2: Building] INFO  o.a.m.s.f.DefaultMavenResourcesFiltering - Copying 0 resource
2022-12-30 20:37:19,267 [Worker-2: Building] INFO  o.a.m.s.f.DefaultMavenResourcesFiltering - skip non existing resourceDirectory C:\Users\MSI\OneDrive\Desktop\ExamPortal\exam\src\test\resources
2022-12-30 20:37:31,676 [Worker-17: Building] INFO  o.a.m.s.f.DefaultMavenResourcesFiltering - Copying 1 resource
2022-12-30 20:37:31,680 [Worker-17: Building] INFO  o.a.m.s.f.DefaultMavenResourcesFiltering - Copying 0 resource
2022-12-30 20:37:31,683 [Worker-17: Building] INFO  o.a.m.s.f.DefaultMavenResourcesFiltering - skip non existing resourceDirectory C:\Users\MSI\OneDrive\Desktop\ExamPortal\exam\src\test\resources
2022-12-30 20:37:54,068 [Worker-2: Building] INFO  o.a.m.s.f.DefaultMavenResourcesFiltering - Copying 1 resource
2022-12-30 20:37:54,071 [Worker-2: Building] INFO  o.a.m.s.f.DefaultMavenResourcesFiltering - Copying 0 resource
2022-12-30 20:37:54,073 [Worker-2: Building] INFO  o.a.m.s.f.DefaultMavenResourcesFiltering - skip non existing resourceDirectory C:\Users\MSI\OneDrive\Desktop\ExamPortal\exam\src\test\resources
2022-12-30 20:38:07,264 [Worker-10: Building] INFO  o.a.m.s.f.DefaultMavenResourcesFiltering - Copying 1 resource
2022-12-30 20:38:07,268 [Worker-10: Building] INFO  o.a.m.s.f.DefaultMavenResourcesFiltering - Copying 0 resource
2022-12-30 20:38:07,271 [Worker-10: Building] INFO  o.a.m.s.f.DefaultMavenResourcesFiltering - skip non existing resourceDirectory C:\Users\MSI\OneDrive\Desktop\ExamPortal\exam\src\test\resources
2022-12-30 20:38:17,264 [Worker-21: Building] INFO  o.a.m.s.f.DefaultMavenResourcesFiltering - Copying 1 resource
2022-12-30 20:38:17,269 [Worker-21: Building] INFO  o.a.m.s.f.DefaultMavenResourcesFiltering - Copying 0 resource
2022-12-30 20:38:17,272 [Worker-21: Building] INFO  o.a.m.s.f.DefaultMavenResourcesFiltering - skip non existing resourceDirectory C:\Users\MSI\OneDrive\Desktop\ExamPortal\exam\src\test\resources
2022-12-30 20:41:56,362 [Worker-25: Building] INFO  o.a.m.s.f.DefaultMavenResourcesFiltering - Copying 1 resource
2022-12-30 20:41:56,369 [Worker-25: Building] INFO  o.a.m.s.f.DefaultMavenResourcesFiltering - Copying 0 resource
2022-12-30 20:41:56,372 [Worker-25: Building] INFO  o.a.m.s.f.DefaultMavenResourcesFiltering - skip non existing resourceDirectory C:\Users\MSI\OneDrive\Desktop\ExamPortal\exam\src\test\resources
2022-12-30 20:43:02,099 [Worker-23: Building] INFO  o.a.m.s.f.DefaultMavenResourcesFiltering - Copying 1 resource
2022-12-30 20:43:02,105 [Worker-23: Building] INFO  o.a.m.s.f.DefaultMavenResourcesFiltering - Copying 0 resource
2022-12-30 20:43:02,107 [Worker-23: Building] INFO  o.a.m.s.f.DefaultMavenResourcesFiltering - skip non existing resourceDirectory C:\Users\MSI\OneDrive\Desktop\ExamPortal\exam\src\test\resources
2022-12-30 20:43:21,613 [Worker-26: Building] INFO  o.a.m.s.f.DefaultMavenResourcesFiltering - Copying 1 resource
2022-12-30 20:43:21,619 [Worker-26: Building] INFO  o.a.m.s.f.DefaultMavenResourcesFiltering - Copying 0 resource
2022-12-30 20:43:21,621 [Worker-26: Building] INFO  o.a.m.s.f.DefaultMavenResourcesFiltering - skip non existing resourceDirectory C:\Users\MSI\OneDrive\Desktop\ExamPortal\exam\src\test\resources
2022-12-30 20:46:38,394 [Worker-23: Building] INFO  o.a.m.s.f.DefaultMavenResourcesFiltering - Copying 1 resource
2022-12-30 20:46:38,403 [Worker-23: Building] INFO  o.a.m.s.f.DefaultMavenResourcesFiltering - Copying 0 resource
2022-12-30 20:46:38,407 [Worker-23: Building] INFO  o.a.m.s.f.DefaultMavenResourcesFiltering - skip non existing resourceDirectory C:\Users\MSI\OneDrive\Desktop\ExamPortal\exam\src\test\resources
2022-12-30 20:47:09,583 [Worker-10: Building] INFO  o.a.m.s.f.DefaultMavenResourcesFiltering - Copying 1 resource
2022-12-30 20:47:09,587 [Worker-10: Building] INFO  o.a.m.s.f.DefaultMavenResourcesFiltering - Copying 0 resource
2022-12-30 20:47:09,589 [Worker-10: Building] INFO  o.a.m.s.f.DefaultMavenResourcesFiltering - skip non existing resourceDirectory C:\Users\MSI\OneDrive\Desktop\ExamPortal\exam\src\test\resources
2022-12-30 20:49:15,712 [Worker-2: Building] INFO  o.a.m.s.f.DefaultMavenResourcesFiltering - Copying 1 resource
2022-12-30 20:49:15,718 [Worker-2: Building] INFO  o.a.m.s.f.DefaultMavenResourcesFiltering - Copying 0 resource
2022-12-30 20:49:15,721 [Worker-2: Building] INFO  o.a.m.s.f.DefaultMavenResourcesFiltering - skip non existing resourceDirectory C:\Users\MSI\OneDrive\Desktop\ExamPortal\exam\src\test\resources
2022-12-30 20:51:12,272 [Worker-27: Building] INFO  o.a.m.s.f.DefaultMavenResourcesFiltering - Copying 1 resource
2022-12-30 20:51:12,277 [Worker-27: Building] INFO  o.a.m.s.f.DefaultMavenResourcesFiltering - Copying 0 resource
2022-12-30 20:51:12,280 [Worker-27: Building] INFO  o.a.m.s.f.DefaultMavenResourcesFiltering - skip non existing resourceDirectory C:\Users\MSI\OneDrive\Desktop\ExamPortal\exam\src\test\resources
2022-12-30 20:51:20,222 [Worker-27: Building] INFO  o.a.m.s.f.DefaultMavenResourcesFiltering - Copying 1 resource
2022-12-30 20:51:20,227 [Worker-27: Building] INFO  o.a.m.s.f.DefaultMavenResourcesFiltering - Copying 0 resource
2022-12-30 20:51:20,230 [Worker-27: Building] INFO  o.a.m.s.f.DefaultMavenResourcesFiltering - skip non existing resourceDirectory C:\Users\MSI\OneDrive\Desktop\ExamPortal\exam\src\test\resources
2022-12-30 20:55:28,337 [Worker-27: Building] INFO  o.a.m.s.f.DefaultMavenResourcesFiltering - Copying 1 resource
2022-12-30 20:55:28,342 [Worker-27: Building] INFO  o.a.m.s.f.DefaultMavenResourcesFiltering - Copying 0 resource
2022-12-30 20:55:28,344 [Worker-27: Building] INFO  o.a.m.s.f.DefaultMavenResourcesFiltering - skip non existing resourceDirectory C:\Users\MSI\OneDrive\Desktop\ExamPortal\exam\src\test\resources
2022-12-30 20:58:44,339 [Worker-31: Building] INFO  o.a.m.s.f.DefaultMavenResourcesFiltering - Copying 1 resource
2022-12-30 20:58:44,354 [Worker-31: Building] INFO  o.a.m.s.f.DefaultMavenResourcesFiltering - Copying 0 resource
2022-12-30 20:58:44,356 [Worker-31: Building] INFO  o.a.m.s.f.DefaultMavenResourcesFiltering - skip non existing resourceDirectory C:\Users\MSI\OneDrive\Desktop\ExamPortal\exam\src\test\resources
2022-12-30 21:01:23,631 [Worker-31: Building] INFO  o.e.m.c.i.l.LifecycleMappingFactory - Using org.eclipse.m2e.jdt.JarLifecycleMapping lifecycle mapping for MavenProject: com.example:exam:0.0.1-SNAPSHOT @ C:\Users\MSI\OneDrive\Desktop\ExamPortal\exam\pom.xml.
2022-12-30 21:01:23,927 [Worker-31: Building] INFO  o.a.m.s.f.DefaultMavenResourcesFiltering - Copying 0 resource
2022-12-30 21:01:23,928 [Worker-31: Building] INFO  o.a.m.s.f.DefaultMavenResourcesFiltering - Copying 0 resource
2022-12-30 21:01:23,930 [Worker-31: Building] INFO  o.a.m.s.f.DefaultMavenResourcesFiltering - skip non existing resourceDirectory C:\Users\MSI\OneDrive\Desktop\ExamPortal\exam\src\test\resources
2022-12-30 21:02:00,193 [Worker-42: Launching exam - ExamApplication] INFO  o.a.m.s.f.DefaultMavenResourcesFiltering - Copying 1 resource
2022-12-30 21:02:00,224 [Worker-42: Launching exam - ExamApplication] INFO  o.a.m.s.f.DefaultMavenResourcesFiltering - Copying 0 resource
2022-12-30 21:02:00,228 [Worker-42: Launching exam - ExamApplication] INFO  o.a.m.s.f.DefaultMavenResourcesFiltering - skip non existing resourceDirectory C:\Users\MSI\OneDrive\Desktop\ExamPortal\exam\src\test\resources
2022-12-30 21:02:22,643 [Worker-41: Building] INFO  o.a.m.s.f.DefaultMavenResourcesFiltering - Copying 1 resource
2022-12-30 21:02:22,649 [Worker-41: Building] INFO  o.a.m.s.f.DefaultMavenResourcesFiltering - Copying 0 resource
2022-12-30 21:02:22,651 [Worker-41: Building] INFO  o.a.m.s.f.DefaultMavenResourcesFiltering - skip non existing resourceDirectory C:\Users\MSI\OneDrive\Desktop\ExamPortal\exam\src\test\resources
2022-12-30 21:03:32,588 [Worker-43: Building] INFO  o.a.m.s.f.DefaultMavenResourcesFiltering - Copying 1 resource
2022-12-30 21:03:32,594 [Worker-43: Building] INFO  o.a.m.s.f.DefaultMavenResourcesFiltering - Copying 0 resource
2022-12-30 21:03:32,596 [Worker-43: Building] INFO  o.a.m.s.f.DefaultMavenResourcesFiltering - skip non existing resourceDirectory C:\Users\MSI\OneDrive\Desktop\ExamPortal\exam\src\test\resources
2022-12-30 21:06:17,482 [Worker-35: Building] INFO  o.a.m.s.f.DefaultMavenResourcesFiltering - Copying 1 resource
2022-12-30 21:06:17,488 [Worker-35: Building] INFO  o.a.m.s.f.DefaultMavenResourcesFiltering - Copying 0 resource
2022-12-30 21:06:17,491 [Worker-35: Building] INFO  o.a.m.s.f.DefaultMavenResourcesFiltering - skip non existing resourceDirectory C:\Users\MSI\OneDrive\Desktop\ExamPortal\exam\src\test\resources
2022-12-30 21:07:06,399 [Worker-43: Building] INFO  o.a.m.s.f.DefaultMavenResourcesFiltering - Copying 1 resource
2022-12-30 21:07:06,403 [Worker-43: Building] INFO  o.a.m.s.f.DefaultMavenResourcesFiltering - Copying 0 resource
2022-12-30 21:07:06,405 [Worker-43: Building] INFO  o.a.m.s.f.DefaultMavenResourcesFiltering - skip non existing resourceDirectory C:\Users\MSI\OneDrive\Desktop\ExamPortal\exam\src\test\resources
2022-12-30 21:07:13,126 [Worker-31: Building] INFO  o.a.m.s.f.DefaultMavenResourcesFiltering - Copying 1 resource
2022-12-30 21:07:13,131 [Worker-31: Building] INFO  o.a.m.s.f.DefaultMavenResourcesFiltering - Copying 0 resource
2022-12-30 21:07:13,133 [Worker-31: Building] INFO  o.a.m.s.f.DefaultMavenResourcesFiltering - skip non existing resourceDirectory C:\Users\MSI\OneDrive\Desktop\ExamPortal\exam\src\test\resources
2022-12-30 21:07:40,269 [Worker-37: Building] INFO  o.a.m.s.f.DefaultMavenResourcesFiltering - Copying 1 resource
2022-12-30 21:07:40,272 [Worker-37: Building] INFO  o.a.m.s.f.DefaultMavenResourcesFiltering - Copying 0 resource
2022-12-30 21:07:40,274 [Worker-37: Building] INFO  o.a.m.s.f.DefaultMavenResourcesFiltering - skip non existing resourceDirectory C:\Users\MSI\OneDrive\Desktop\ExamPortal\exam\src\test\resources
2022-12-30 21:08:44,698 [Worker-35: Building] INFO  o.a.m.s.f.DefaultMavenResourcesFiltering - Copying 1 resource
2022-12-30 21:08:44,702 [Worker-35: Building] INFO  o.a.m.s.f.DefaultMavenResourcesFiltering - Copying 0 resource
2022-12-30 21:08:44,704 [Worker-35: Building] INFO  o.a.m.s.f.DefaultMavenResourcesFiltering - skip non existing resourceDirectory C:\Users\MSI\OneDrive\Desktop\ExamPortal\exam\src\test\resources
2022-12-30 21:11:46,541 [Worker-40: Building] INFO  o.a.m.s.f.DefaultMavenResourcesFiltering - Copying 1 resource
2022-12-30 21:11:46,545 [Worker-40: Building] INFO  o.a.m.s.f.DefaultMavenResourcesFiltering - Copying 0 resource
2022-12-30 21:11:46,548 [Worker-40: Building] INFO  o.a.m.s.f.DefaultMavenResourcesFiltering - skip non existing resourceDirectory C:\Users\MSI\OneDrive\Desktop\ExamPortal\exam\src\test\resources
2022-12-30 21:12:23,295 [Worker-40: Building] INFO  o.a.m.s.f.DefaultMavenResourcesFiltering - Copying 1 resource
2022-12-30 21:12:23,299 [Worker-40: Building] INFO  o.a.m.s.f.DefaultMavenResourcesFiltering - Copying 0 resource
2022-12-30 21:12:23,302 [Worker-40: Building] INFO  o.a.m.s.f.DefaultMavenResourcesFiltering - skip non existing resourceDirectory C:\Users\MSI\OneDrive\Desktop\ExamPortal\exam\src\test\resources
2022-12-30 21:12:50,294 [Worker-31: Building] INFO  o.a.m.s.f.DefaultMavenResourcesFiltering - Copying 1 resource
2022-12-30 21:12:50,297 [Worker-31: Building] INFO  o.a.m.s.f.DefaultMavenResourcesFiltering - Copying 0 resource
2022-12-30 21:12:50,299 [Worker-31: Building] INFO  o.a.m.s.f.DefaultMavenResourcesFiltering - skip non existing resourceDirectory C:\Users\MSI\OneDrive\Desktop\ExamPortal\exam\src\test\resources
2022-12-30 21:13:14,249 [Worker-42: Building] INFO  o.a.m.s.f.DefaultMavenResourcesFiltering - Copying 1 resource
2022-12-30 21:13:14,253 [Worker-42: Building] INFO  o.a.m.s.f.DefaultMavenResourcesFiltering - Copying 0 resource
2022-12-30 21:13:14,255 [Worker-42: Building] INFO  o.a.m.s.f.DefaultMavenResourcesFiltering - skip non existing resourceDirectory C:\Users\MSI\OneDrive\Desktop\ExamPortal\exam\src\test\resources
2022-12-30 21:17:40,061 [Worker-40: Building] INFO  o.a.m.s.f.DefaultMavenResourcesFiltering - Copying 1 resource
2022-12-30 21:17:40,066 [Worker-40: Building] INFO  o.a.m.s.f.DefaultMavenResourcesFiltering - Copying 0 resource
2022-12-30 21:17:40,068 [Worker-40: Building] INFO  o.a.m.s.f.DefaultMavenResourcesFiltering - skip non existing resourceDirectory C:\Users\MSI\OneDrive\Desktop\ExamPortal\exam\src\test\resources
2022-12-30 21:20:32,074 [Worker-48: Building] INFO  o.a.m.s.f.DefaultMavenResourcesFiltering - Copying 1 resource
2022-12-30 21:20:32,082 [Worker-48: Building] INFO  o.a.m.s.f.DefaultMavenResourcesFiltering - Copying 0 resource
2022-12-30 21:20:32,086 [Worker-48: Building] INFO  o.a.m.s.f.DefaultMavenResourcesFiltering - skip non existing resourceDirectory C:\Users\MSI\OneDrive\Desktop\ExamPortal\exam\src\test\resources
2022-12-30 21:20:40,756 [Worker-48: Building] INFO  o.a.m.s.f.DefaultMavenResourcesFiltering - Copying 1 resource
2022-12-30 21:20:40,761 [Worker-48: Building] INFO  o.a.m.s.f.DefaultMavenResourcesFiltering - Copying 0 resource
2022-12-30 21:20:40,762 [Worker-48: Building] INFO  o.a.m.s.f.DefaultMavenResourcesFiltering - skip non existing resourceDirectory C:\Users\MSI\OneDrive\Desktop\ExamPortal\exam\src\test\resources
2022-12-30 21:22:47,183 [Worker-43: Building] INFO  o.a.m.s.f.DefaultMavenResourcesFiltering - Copying 1 resource
2022-12-30 21:22:47,188 [Worker-43: Building] INFO  o.a.m.s.f.DefaultMavenResourcesFiltering - Copying 0 resource
2022-12-30 21:22:47,190 [Worker-43: Building] INFO  o.a.m.s.f.DefaultMavenResourcesFiltering - skip non existing resourceDirectory C:\Users\MSI\OneDrive\Desktop\ExamPortal\exam\src\test\resources
2022-12-30 21:23:31,865 [Worker-40: Building] INFO  o.a.m.s.f.DefaultMavenResourcesFiltering - Copying 1 resource
2022-12-30 21:23:31,867 [Worker-40: Building] INFO  o.a.m.s.f.DefaultMavenResourcesFiltering - Copying 0 resource
2022-12-30 21:23:31,869 [Worker-40: Building] INFO  o.a.m.s.f.DefaultMavenResourcesFiltering - skip non existing resourceDirectory C:\Users\MSI\OneDrive\Desktop\ExamPortal\exam\src\test\resources
2022-12-30 21:26:20,495 [Worker-48: Building] INFO  o.a.m.s.f.DefaultMavenResourcesFiltering - Copying 1 resource
2022-12-30 21:26:20,500 [Worker-48: Building] INFO  o.a.m.s.f.DefaultMavenResourcesFiltering - Copying 0 resource
2022-12-30 21:26:20,503 [Worker-48: Building] INFO  o.a.m.s.f.DefaultMavenResourcesFiltering - skip non existing resourceDirectory C:\Users\MSI\OneDrive\Desktop\ExamPortal\exam\src\test\resources
2022-12-30 21:28:52,912 [Worker-46: Building] INFO  o.a.m.s.f.DefaultMavenResourcesFiltering - Copying 1 resource
2022-12-30 21:28:52,916 [Worker-46: Building] INFO  o.a.m.s.f.DefaultMavenResourcesFiltering - Copying 0 resource
2022-12-30 21:28:52,918 [Worker-46: Building] INFO  o.a.m.s.f.DefaultMavenResourcesFiltering - skip non existing resourceDirectory C:\Users\MSI\OneDrive\Desktop\ExamPortal\exam\src\test\resources
2022-12-30 21:29:31,908 [Worker-47: Building] INFO  o.a.m.s.f.DefaultMavenResourcesFiltering - Copying 1 resource
2022-12-30 21:29:31,912 [Worker-47: Building] INFO  o.a.m.s.f.DefaultMavenResourcesFiltering - Copying 0 resource
2022-12-30 21:29:31,914 [Worker-47: Building] INFO  o.a.m.s.f.DefaultMavenResourcesFiltering - skip non existing resourceDirectory C:\Users\MSI\OneDrive\Desktop\ExamPortal\exam\src\test\resources
2022-12-30 21:30:18,733 [Worker-46: Building] INFO  o.a.m.s.f.DefaultMavenResourcesFiltering - Copying 1 resource
2022-12-30 21:30:18,742 [Worker-46: Building] INFO  o.a.m.s.f.DefaultMavenResourcesFiltering - Copying 0 resource
2022-12-30 21:30:18,745 [Worker-46: Building] INFO  o.a.m.s.f.DefaultMavenResourcesFiltering - skip non existing resourceDirectory C:\Users\MSI\OneDrive\Desktop\ExamPortal\exam\src\test\resources
2022-12-30 21:33:08,215 [Worker-40: Building] INFO  o.a.m.s.f.DefaultMavenResourcesFiltering - Copying 1 resource
2022-12-30 21:33:08,222 [Worker-40: Building] INFO  o.a.m.s.f.DefaultMavenResourcesFiltering - Copying 0 resource
2022-12-30 21:33:08,226 [Worker-40: Building] INFO  o.a.m.s.f.DefaultMavenResourcesFiltering - skip non existing resourceDirectory C:\Users\MSI\OneDrive\Desktop\ExamPortal\exam\src\test\resources
2022-12-30 21:33:37,132 [Worker-40: Building] INFO  o.a.m.s.f.DefaultMavenResourcesFiltering - Copying 1 resource
2022-12-30 21:33:37,140 [Worker-40: Building] INFO  o.a.m.s.f.DefaultMavenResourcesFiltering - Copying 0 resource
2022-12-30 21:33:37,142 [Worker-40: Building] INFO  o.a.m.s.f.DefaultMavenResourcesFiltering - skip non existing resourceDirectory C:\Users\MSI\OneDrive\Desktop\ExamPortal\exam\src\test\resources
2022-12-30 21:34:11,853 [Worker-43: Building] INFO  o.a.m.s.f.DefaultMavenResourcesFiltering - Copying 1 resource
2022-12-30 21:34:11,857 [Worker-43: Building] INFO  o.a.m.s.f.DefaultMavenResourcesFiltering - Copying 0 resource
2022-12-30 21:34:11,860 [Worker-43: Building] INFO  o.a.m.s.f.DefaultMavenResourcesFiltering - skip non existing resourceDirectory C:\Users\MSI\OneDrive\Desktop\ExamPortal\exam\src\test\resources
2022-12-30 21:35:25,906 [Worker-40: Building] INFO  o.a.m.s.f.DefaultMavenResourcesFiltering - Copying 1 resource
2022-12-30 21:35:25,910 [Worker-40: Building] INFO  o.a.m.s.f.DefaultMavenResourcesFiltering - Copying 0 resource
2022-12-30 21:35:25,913 [Worker-40: Building] INFO  o.a.m.s.f.DefaultMavenResourcesFiltering - skip non existing resourceDirectory C:\Users\MSI\OneDrive\Desktop\ExamPortal\exam\src\test\resources
2022-12-30 21:36:15,823 [Worker-53: Building] INFO  o.a.m.s.f.DefaultMavenResourcesFiltering - Copying 1 resource
2022-12-30 21:36:15,828 [Worker-53: Building] INFO  o.a.m.s.f.DefaultMavenResourcesFiltering - Copying 0 resource
2022-12-30 21:36:15,830 [Worker-53: Building] INFO  o.a.m.s.f.DefaultMavenResourcesFiltering - skip non existing resourceDirectory C:\Users\MSI\OneDrive\Desktop\ExamPortal\exam\src\test\resources
2022-12-30 21:40:41,762 [Worker-54: Building] INFO  o.a.m.s.f.DefaultMavenResourcesFiltering - Copying 1 resource
2022-12-30 21:40:41,769 [Worker-54: Building] INFO  o.a.m.s.f.DefaultMavenResourcesFiltering - Copying 0 resource
2022-12-30 21:40:41,772 [Worker-54: Building] INFO  o.a.m.s.f.DefaultMavenResourcesFiltering - skip non existing resourceDirectory C:\Users\MSI\OneDrive\Desktop\ExamPortal\exam\src\test\resources
2022-12-30 21:42:01,067 [Worker-54: Building] INFO  o.a.m.s.f.DefaultMavenResourcesFiltering - Copying 1 resource
2022-12-30 21:42:01,073 [Worker-54: Building] INFO  o.a.m.s.f.DefaultMavenResourcesFiltering - Copying 0 resource
2022-12-30 21:42:01,075 [Worker-54: Building] INFO  o.a.m.s.f.DefaultMavenResourcesFiltering - skip non existing resourceDirectory C:\Users\MSI\OneDrive\Desktop\ExamPortal\exam\src\test\resources
2022-12-30 21:42:32,710 [Worker-56: Building] INFO  o.a.m.s.f.DefaultMavenResourcesFiltering - Copying 1 resource
2022-12-30 21:42:32,719 [Worker-56: Building] INFO  o.a.m.s.f.DefaultMavenResourcesFiltering - Copying 0 resource
2022-12-30 21:42:32,722 [Worker-56: Building] INFO  o.a.m.s.f.DefaultMavenResourcesFiltering - skip non existing resourceDirectory C:\Users\MSI\OneDrive\Desktop\ExamPortal\exam\src\test\resources
2022-12-30 21:43:06,590 [Worker-42: Building] INFO  o.a.m.s.f.DefaultMavenResourcesFiltering - Copying 1 resource
2022-12-30 21:43:06,596 [Worker-42: Building] INFO  o.a.m.s.f.DefaultMavenResourcesFiltering - Copying 0 resource
2022-12-30 21:43:06,599 [Worker-42: Building] INFO  o.a.m.s.f.DefaultMavenResourcesFiltering - skip non existing resourceDirectory C:\Users\MSI\OneDrive\Desktop\ExamPortal\exam\src\test\resources
2022-12-30 21:43:36,446 [Worker-58: Building] INFO  o.a.m.s.f.DefaultMavenResourcesFiltering - Copying 1 resource
2022-12-30 21:43:36,457 [Worker-58: Building] INFO  o.a.m.s.f.DefaultMavenResourcesFiltering - Copying 0 resource
2022-12-30 21:43:36,461 [Worker-58: Building] INFO  o.a.m.s.f.DefaultMavenResourcesFiltering - skip non existing resourceDirectory C:\Users\MSI\OneDrive\Desktop\ExamPortal\exam\src\test\resources
2022-12-30 21:44:05,272 [Worker-58: Building] INFO  o.a.m.s.f.DefaultMavenResourcesFiltering - Copying 1 resource
2022-12-30 21:44:05,275 [Worker-58: Building] INFO  o.a.m.s.f.DefaultMavenResourcesFiltering - Copying 0 resource
2022-12-30 21:44:05,277 [Worker-58: Building] INFO  o.a.m.s.f.DefaultMavenResourcesFiltering - skip non existing resourceDirectory C:\Users\MSI\OneDrive\Desktop\ExamPortal\exam\src\test\resources
2022-12-30 21:45:00,887 [Worker-55: Building] INFO  o.a.m.s.f.DefaultMavenResourcesFiltering - Copying 1 resource
2022-12-30 21:45:00,890 [Worker-55: Building] INFO  o.a.m.s.f.DefaultMavenResourcesFiltering - Copying 0 resource
2022-12-30 21:45:00,892 [Worker-55: Building] INFO  o.a.m.s.f.DefaultMavenResourcesFiltering - skip non existing resourceDirectory C:\Users\MSI\OneDrive\Desktop\ExamPortal\exam\src\test\resources
2022-12-30 21:45:23,350 [Worker-56: Building] INFO  o.a.m.s.f.DefaultMavenResourcesFiltering - Copying 1 resource
2022-12-30 21:45:23,355 [Worker-56: Building] INFO  o.a.m.s.f.DefaultMavenResourcesFiltering - Copying 0 resource
2022-12-30 21:45:23,357 [Worker-56: Building] INFO  o.a.m.s.f.DefaultMavenResourcesFiltering - skip non existing resourceDirectory C:\Users\MSI\OneDrive\Desktop\ExamPortal\exam\src\test\resources
2022-12-30 21:48:16,286 [Worker-55: Building] INFO  o.a.m.s.f.DefaultMavenResourcesFiltering - Copying 1 resource
2022-12-30 21:48:16,293 [Worker-55: Building] INFO  o.a.m.s.f.DefaultMavenResourcesFiltering - Copying 0 resource
2022-12-30 21:48:16,296 [Worker-55: Building] INFO  o.a.m.s.f.DefaultMavenResourcesFiltering - skip non existing resourceDirectory C:\Users\MSI\OneDrive\Desktop\ExamPortal\exam\src\test\resources
2022-12-30 21:48:45,413 [Worker-50: Building] INFO  o.a.m.s.f.DefaultMavenResourcesFiltering - Copying 1 resource
2022-12-30 21:48:45,420 [Worker-50: Building] INFO  o.a.m.s.f.DefaultMavenResourcesFiltering - Copying 0 resource
2022-12-30 21:48:45,424 [Worker-50: Building] INFO  o.a.m.s.f.DefaultMavenResourcesFiltering - skip non existing resourceDirectory C:\Users\MSI\OneDrive\Desktop\ExamPortal\exam\src\test\resources
2022-12-30 21:49:57,783 [Worker-50: Building] INFO  o.a.m.s.f.DefaultMavenResourcesFiltering - Copying 1 resource
2022-12-30 21:49:57,788 [Worker-50: Building] INFO  o.a.m.s.f.DefaultMavenResourcesFiltering - Copying 0 resource
2022-12-30 21:49:57,790 [Worker-50: Building] INFO  o.a.m.s.f.DefaultMavenResourcesFiltering - skip non existing resourceDirectory C:\Users\MSI\OneDrive\Desktop\ExamPortal\exam\src\test\resources
2022-12-30 21:52:06,726 [Worker-50: Building] INFO  o.a.m.s.f.DefaultMavenResourcesFiltering - Copying 1 resource
2022-12-30 21:52:06,731 [Worker-50: Building] INFO  o.a.m.s.f.DefaultMavenResourcesFiltering - Copying 0 resource
2022-12-30 21:52:06,733 [Worker-50: Building] INFO  o.a.m.s.f.DefaultMavenResourcesFiltering - skip non existing resourceDirectory C:\Users\MSI\OneDrive\Desktop\ExamPortal\exam\src\test\resources
2022-12-30 22:40:09,613 [Worker-60: Building] INFO  o.a.m.s.f.DefaultMavenResourcesFiltering - Copying 1 resource
2022-12-30 22:40:09,642 [Worker-60: Building] INFO  o.a.m.s.f.DefaultMavenResourcesFiltering - Copying 0 resource
2022-12-30 22:40:09,646 [Worker-60: Building] INFO  o.a.m.s.f.DefaultMavenResourcesFiltering - skip non existing resourceDirectory C:\Users\MSI\OneDrive\Desktop\ExamPortal\exam\src\test\resources
2022-12-30 22:40:25,610 [Worker-58: Building] INFO  o.a.m.s.f.DefaultMavenResourcesFiltering - Copying 1 resource
2022-12-30 22:40:25,637 [Worker-58: Building] INFO  o.a.m.s.f.DefaultMavenResourcesFiltering - Copying 0 resource
2022-12-30 22:40:25,639 [Worker-58: Building] INFO  o.a.m.s.f.DefaultMavenResourcesFiltering - skip non existing resourceDirectory C:\Users\MSI\OneDrive\Desktop\ExamPortal\exam\src\test\resources
2022-12-30 22:57:14,951 [Worker-65: Building] INFO  o.a.m.s.f.DefaultMavenResourcesFiltering - Copying 1 resource
2022-12-30 22:57:14,976 [Worker-65: Building] INFO  o.a.m.s.f.DefaultMavenResourcesFiltering - Copying 0 resource
2022-12-30 22:57:14,980 [Worker-65: Building] INFO  o.a.m.s.f.DefaultMavenResourcesFiltering - skip non existing resourceDirectory C:\Users\MSI\OneDrive\Desktop\ExamPortal\exam\src\test\resources
2022-12-31 15:32:16,515 [Worker-76: Building] INFO  o.a.m.s.f.DefaultMavenResourcesFiltering - Copying 1 resource
2022-12-31 15:32:16,559 [Worker-76: Building] INFO  o.a.m.s.f.DefaultMavenResourcesFiltering - Copying 0 resource
2022-12-31 15:32:16,562 [Worker-76: Building] INFO  o.a.m.s.f.DefaultMavenResourcesFiltering - skip non existing resourceDirectory C:\Users\MSI\OneDrive\Desktop\ExamPortal\exam\src\test\resources
2022-12-31 15:32:25,910 [Worker-77: Building] INFO  o.a.m.s.f.DefaultMavenResourcesFiltering - Copying 1 resource
2022-12-31 15:32:25,955 [Worker-77: Building] INFO  o.a.m.s.f.DefaultMavenResourcesFiltering - Copying 0 resource
2022-12-31 15:32:25,957 [Worker-77: Building] INFO  o.a.m.s.f.DefaultMavenResourcesFiltering - skip non existing resourceDirectory C:\Users\MSI\OneDrive\Desktop\ExamPortal\exam\src\test\resources
2022-12-31 15:32:51,481 [Worker-77: Building] INFO  o.a.m.s.f.DefaultMavenResourcesFiltering - Copying 1 resource
2022-12-31 15:32:51,525 [Worker-77: Building] INFO  o.a.m.s.f.DefaultMavenResourcesFiltering - Copying 0 resource
2022-12-31 15:32:51,529 [Worker-77: Building] INFO  o.a.m.s.f.DefaultMavenResourcesFiltering - skip non existing resourceDirectory C:\Users\MSI\OneDrive\Desktop\ExamPortal\exam\src\test\resources
2022-12-31 15:33:10,891 [Worker-72: Building] INFO  o.a.m.s.f.DefaultMavenResourcesFiltering - Copying 1 resource
2022-12-31 15:33:10,930 [Worker-72: Building] INFO  o.a.m.s.f.DefaultMavenResourcesFiltering - Copying 0 resource
2022-12-31 15:33:10,932 [Worker-72: Building] INFO  o.a.m.s.f.DefaultMavenResourcesFiltering - skip non existing resourceDirectory C:\Users\MSI\OneDrive\Desktop\ExamPortal\exam\src\test\resources
2022-12-31 15:34:37,170 [Worker-75: Building] INFO  o.a.m.s.f.DefaultMavenResourcesFiltering - Copying 1 resource
2022-12-31 15:34:37,174 [Worker-75: Building] INFO  o.a.m.s.f.DefaultMavenResourcesFiltering - Copying 0 resource
2022-12-31 15:34:37,176 [Worker-75: Building] INFO  o.a.m.s.f.DefaultMavenResourcesFiltering - skip non existing resourceDirectory C:\Users\MSI\OneDrive\Desktop\ExamPortal\exam\src\test\resources
2022-12-31 15:35:12,002 [Worker-76: Building] INFO  o.a.m.s.f.DefaultMavenResourcesFiltering - Copying 1 resource
2022-12-31 15:35:12,007 [Worker-76: Building] INFO  o.a.m.s.f.DefaultMavenResourcesFiltering - Copying 0 resource
2022-12-31 15:35:12,010 [Worker-76: Building] INFO  o.a.m.s.f.DefaultMavenResourcesFiltering - skip non existing resourceDirectory C:\Users\MSI\OneDrive\Desktop\ExamPortal\exam\src\test\resources
2022-12-31 15:36:06,247 [Worker-75: Building] INFO  o.a.m.s.f.DefaultMavenResourcesFiltering - Copying 1 resource
2022-12-31 15:36:06,259 [Worker-75: Building] INFO  o.a.m.s.f.DefaultMavenResourcesFiltering - Copying 0 resource
2022-12-31 15:36:06,261 [Worker-75: Building] INFO  o.a.m.s.f.DefaultMavenResourcesFiltering - skip non existing resourceDirectory C:\Users\MSI\OneDrive\Desktop\ExamPortal\exam\src\test\resources
2022-12-31 15:36:53,520 [Worker-79: Building] INFO  o.a.m.s.f.DefaultMavenResourcesFiltering - Copying 1 resource
2022-12-31 15:36:53,527 [Worker-79: Building] INFO  o.a.m.s.f.DefaultMavenResourcesFiltering - Copying 0 resource
2022-12-31 15:36:53,529 [Worker-79: Building] INFO  o.a.m.s.f.DefaultMavenResourcesFiltering - skip non existing resourceDirectory C:\Users\MSI\OneDrive\Desktop\ExamPortal\exam\src\test\resources
2022-12-31 15:38:21,712 [Worker-78: Building] INFO  o.a.m.s.f.DefaultMavenResourcesFiltering - Copying 1 resource
2022-12-31 15:38:21,716 [Worker-78: Building] INFO  o.a.m.s.f.DefaultMavenResourcesFiltering - Copying 0 resource
2022-12-31 15:38:21,718 [Worker-78: Building] INFO  o.a.m.s.f.DefaultMavenResourcesFiltering - skip non existing resourceDirectory C:\Users\MSI\OneDrive\Desktop\ExamPortal\exam\src\test\resources
2022-12-31 15:42:58,211 [Worker-75: Building] INFO  o.a.m.s.f.DefaultMavenResourcesFiltering - Copying 1 resource
2022-12-31 15:42:58,216 [Worker-75: Building] INFO  o.a.m.s.f.DefaultMavenResourcesFiltering - Copying 0 resource
2022-12-31 15:42:58,219 [Worker-75: Building] INFO  o.a.m.s.f.DefaultMavenResourcesFiltering - skip non existing resourceDirectory C:\Users\MSI\OneDrive\Desktop\ExamPortal\exam\src\test\resources
2022-12-31 16:22:38,869 [Worker-82: Building] INFO  o.a.m.s.f.DefaultMavenResourcesFiltering - Copying 1 resource
2022-12-31 16:22:38,887 [Worker-82: Building] INFO  o.a.m.s.f.DefaultMavenResourcesFiltering - Copying 0 resource
2022-12-31 16:22:38,889 [Worker-82: Building] INFO  o.a.m.s.f.DefaultMavenResourcesFiltering - skip non existing resourceDirectory C:\Users\MSI\OneDrive\Desktop\ExamPortal\exam\src\test\resources
2022-12-31 16:23:27,984 [Worker-83: Building] INFO  o.a.m.s.f.DefaultMavenResourcesFiltering - Copying 1 resource
2022-12-31 16:23:28,003 [Worker-83: Building] INFO  o.a.m.s.f.DefaultMavenResourcesFiltering - Copying 0 resource
2022-12-31 16:23:28,006 [Worker-83: Building] INFO  o.a.m.s.f.DefaultMavenResourcesFiltering - skip non existing resourceDirectory C:\Users\MSI\OneDrive\Desktop\ExamPortal\exam\src\test\resources
2022-12-31 16:28:48,515 [Worker-84: Building] INFO  o.a.m.s.f.DefaultMavenResourcesFiltering - Copying 1 resource
2022-12-31 16:28:48,519 [Worker-84: Building] INFO  o.a.m.s.f.DefaultMavenResourcesFiltering - Copying 0 resource
2022-12-31 16:28:48,521 [Worker-84: Building] INFO  o.a.m.s.f.DefaultMavenResourcesFiltering - skip non existing resourceDirectory C:\Users\MSI\OneDrive\Desktop\ExamPortal\exam\src\test\resources
2022-12-31 16:29:16,045 [Worker-81: Building] INFO  o.a.m.s.f.DefaultMavenResourcesFiltering - Copying 1 resource
2022-12-31 16:29:16,055 [Worker-81: Building] INFO  o.a.m.s.f.DefaultMavenResourcesFiltering - Copying 0 resource
2022-12-31 16:29:16,057 [Worker-81: Building] INFO  o.a.m.s.f.DefaultMavenResourcesFiltering - skip non existing resourceDirectory C:\Users\MSI\OneDrive\Desktop\ExamPortal\exam\src\test\resources
2022-12-31 16:31:11,958 [Worker-82: Building] INFO  o.a.m.s.f.DefaultMavenResourcesFiltering - Copying 1 resource
2022-12-31 16:31:12,001 [Worker-82: Building] INFO  o.a.m.s.f.DefaultMavenResourcesFiltering - Copying 0 resource
2022-12-31 16:31:12,004 [Worker-82: Building] INFO  o.a.m.s.f.DefaultMavenResourcesFiltering - skip non existing resourceDirectory C:\Users\MSI\OneDrive\Desktop\ExamPortal\exam\src\test\resources
2022-12-31 16:31:44,015 [Worker-82: Building] INFO  o.a.m.s.f.DefaultMavenResourcesFiltering - Copying 1 resource
2022-12-31 16:31:44,022 [Worker-82: Building] INFO  o.a.m.s.f.DefaultMavenResourcesFiltering - Copying 0 resource
2022-12-31 16:31:44,025 [Worker-82: Building] INFO  o.a.m.s.f.DefaultMavenResourcesFiltering - skip non existing resourceDirectory C:\Users\MSI\OneDrive\Desktop\ExamPortal\exam\src\test\resources
2022-12-31 16:33:54,740 [Worker-91: Building] INFO  o.a.m.s.f.DefaultMavenResourcesFiltering - Copying 1 resource
2022-12-31 16:33:54,743 [Worker-91: Building] INFO  o.a.m.s.f.DefaultMavenResourcesFiltering - Copying 0 resource
2022-12-31 16:33:54,744 [Worker-91: Building] INFO  o.a.m.s.f.DefaultMavenResourcesFiltering - skip non existing resourceDirectory C:\Users\MSI\OneDrive\Desktop\ExamPortal\exam\src\test\resources
2022-12-31 16:33:58,728 [Worker-93: Building] INFO  o.a.m.s.f.DefaultMavenResourcesFiltering - Copying 1 resource
2022-12-31 16:33:58,757 [Worker-93: Building] INFO  o.a.m.s.f.DefaultMavenResourcesFiltering - Copying 0 resource
2022-12-31 16:33:58,759 [Worker-93: Building] INFO  o.a.m.s.f.DefaultMavenResourcesFiltering - skip non existing resourceDirectory C:\Users\MSI\OneDrive\Desktop\ExamPortal\exam\src\test\resources
2022-12-31 16:38:07,308 [Worker-91: Building] INFO  o.a.m.s.f.DefaultMavenResourcesFiltering - Copying 1 resource
2022-12-31 16:38:07,314 [Worker-91: Building] INFO  o.a.m.s.f.DefaultMavenResourcesFiltering - Copying 0 resource
2022-12-31 16:38:07,316 [Worker-91: Building] INFO  o.a.m.s.f.DefaultMavenResourcesFiltering - skip non existing resourceDirectory C:\Users\MSI\OneDrive\Desktop\ExamPortal\exam\src\test\resources
2022-12-31 16:40:22,289 [Worker-90: Building] INFO  o.a.m.s.f.DefaultMavenResourcesFiltering - Copying 1 resource
2022-12-31 16:40:22,293 [Worker-90: Building] INFO  o.a.m.s.f.DefaultMavenResourcesFiltering - Copying 0 resource
2022-12-31 16:40:22,295 [Worker-90: Building] INFO  o.a.m.s.f.DefaultMavenResourcesFiltering - skip non existing resourceDirectory C:\Users\MSI\OneDrive\Desktop\ExamPortal\exam\src\test\resources
2022-12-31 16:42:59,608 [Worker-93: Building] INFO  o.a.m.s.f.DefaultMavenResourcesFiltering - Copying 1 resource
2022-12-31 16:42:59,613 [Worker-93: Building] INFO  o.a.m.s.f.DefaultMavenResourcesFiltering - Copying 0 resource
2022-12-31 16:42:59,615 [Worker-93: Building] INFO  o.a.m.s.f.DefaultMavenResourcesFiltering - skip non existing resourceDirectory C:\Users\MSI\OneDrive\Desktop\ExamPortal\exam\src\test\resources
2022-12-31 16:47:14,338 [Worker-93: Building] INFO  o.a.m.s.f.DefaultMavenResourcesFiltering - Copying 1 resource
2022-12-31 16:47:14,344 [Worker-93: Building] INFO  o.a.m.s.f.DefaultMavenResourcesFiltering - Copying 0 resource
2022-12-31 16:47:14,346 [Worker-93: Building] INFO  o.a.m.s.f.DefaultMavenResourcesFiltering - skip non existing resourceDirectory C:\Users\MSI\OneDrive\Desktop\ExamPortal\exam\src\test\resources
2022-12-31 16:47:38,611 [Worker-59: Building] INFO  o.a.m.s.f.DefaultMavenResourcesFiltering - Copying 1 resource
2022-12-31 16:47:38,617 [Worker-59: Building] INFO  o.a.m.s.f.DefaultMavenResourcesFiltering - Copying 0 resource
2022-12-31 16:47:38,619 [Worker-59: Building] INFO  o.a.m.s.f.DefaultMavenResourcesFiltering - skip non existing resourceDirectory C:\Users\MSI\OneDrive\Desktop\ExamPortal\exam\src\test\resources
2022-12-31 16:47:44,714 [Worker-91: Building] INFO  o.a.m.s.f.DefaultMavenResourcesFiltering - Copying 1 resource
2022-12-31 16:47:44,721 [Worker-91: Building] INFO  o.a.m.s.f.DefaultMavenResourcesFiltering - Copying 0 resource
2022-12-31 16:47:44,723 [Worker-91: Building] INFO  o.a.m.s.f.DefaultMavenResourcesFiltering - skip non existing resourceDirectory C:\Users\MSI\OneDrive\Desktop\ExamPortal\exam\src\test\resources
2022-12-31 16:50:03,856 [Worker-96: Building] INFO  o.a.m.s.f.DefaultMavenResourcesFiltering - Copying 1 resource
2022-12-31 16:50:03,860 [Worker-96: Building] INFO  o.a.m.s.f.DefaultMavenResourcesFiltering - Copying 0 resource
2022-12-31 16:50:03,863 [Worker-96: Building] INFO  o.a.m.s.f.DefaultMavenResourcesFiltering - skip non existing resourceDirectory C:\Users\MSI\OneDrive\Desktop\ExamPortal\exam\src\test\resources
